<?xml version="1.0" encoding="UTF-8"?>
<<<<<<< HEAD
=======
<<<<<<< HEAD
<testng-results skipped="4" failed="1" total="5" passed="0">
=======
<<<<<<< HEAD
<testng-results skipped="0" failed="0" total="4" passed="4">
  <reporter-output>
  </reporter-output>
  <suite name="Default suite" duration-ms="12617" started-at="2017-02-20T13:42:49Z" finished-at="2017-02-20T13:43:02Z">
    <groups>
    </groups>
    <test name="Default test" duration-ms="12617" started-at="2017-02-20T13:42:49Z" finished-at="2017-02-20T13:43:02Z">
      <class name="com.enrollment.service.TestCourseService">
        <test-method status="PASS" signature="springTestContextBeforeTestClass()[pri:0, instance:com.enrollment.service.TestCourseService@1439f77c]" name="springTestContextBeforeTestClass" is-config="true" duration-ms="13" started-at="2017-02-20T15:42:49Z" finished-at="2017-02-20T15:42:49Z">
          <reporter-output>
          </reporter-output>
        </test-method> <!-- springTestContextBeforeTestClass -->
        <test-method status="PASS" signature="springTestContextPrepareTestInstance()[pri:0, instance:com.enrollment.service.TestCourseService@1439f77c]" name="springTestContextPrepareTestInstance" is-config="true" duration-ms="12109" started-at="2017-02-20T15:42:49Z" depends-on-methods="org.springframework.test.context.testng.AbstractTestNGSpringContextTests.springTestContextBeforeTestClass" finished-at="2017-02-20T15:43:02Z">
          <reporter-output>
          </reporter-output>
        </test-method> <!-- springTestContextPrepareTestInstance -->
        <test-method status="PASS" signature="springTestContextBeforeTestMethod(java.lang.reflect.Method)[pri:0, instance:com.enrollment.service.TestCourseService@1439f77c]" name="springTestContextBeforeTestMethod" is-config="true" duration-ms="2" started-at="2017-02-20T15:43:02Z" finished-at="2017-02-20T15:43:02Z">
          <params>
            <param index="0">
              <value>
                <![CDATA[public void com.enrollment.service.TestCourseService.testCreateCourse() throws java.lang.Exception]]>
=======
>>>>>>> 9d49003459a50dc3355433da2d880ddb52adef5b
<testng-results skipped="0" failed="0" total="5" passed="5">
>>>>>>> 60b134a0250938bde9f4ef7d65cab58b71210da7
  <reporter-output>
  </reporter-output>
<<<<<<< HEAD
  <suite name="Default suite" duration-ms="9834" started-at="2017-02-21T13:41:28Z" finished-at="2017-02-21T13:41:38Z">
    <groups>
    </groups>
    <test name="Default test" duration-ms="9834" started-at="2017-02-21T13:41:28Z" finished-at="2017-02-21T13:41:38Z">
      <class name="com.enrollment.api.TestStudentController">
        <test-method status="PASS" signature="springTestContextBeforeTestClass()[pri:0, instance:com.enrollment.api.TestStudentController@9327927]" name="springTestContextBeforeTestClass" is-config="true" duration-ms="10" started-at="2017-02-21T15:41:28Z" finished-at="2017-02-21T15:41:28Z">
          <reporter-output>
          </reporter-output>
        </test-method> <!-- springTestContextBeforeTestClass -->
        <test-method status="PASS" signature="springTestContextPrepareTestInstance()[pri:0, instance:com.enrollment.api.TestStudentController@9327927]" name="springTestContextPrepareTestInstance" is-config="true" duration-ms="9410" started-at="2017-02-21T15:41:28Z" depends-on-methods="org.springframework.test.context.testng.AbstractTestNGSpringContextTests.springTestContextBeforeTestClass" finished-at="2017-02-21T15:41:37Z">
          <reporter-output>
          </reporter-output>
        </test-method> <!-- springTestContextPrepareTestInstance -->
        <test-method status="PASS" signature="springTestContextBeforeTestMethod(java.lang.reflect.Method)[pri:0, instance:com.enrollment.api.TestStudentController@9327927]" name="springTestContextBeforeTestMethod" is-config="true" duration-ms="0" started-at="2017-02-21T15:41:37Z" finished-at="2017-02-21T15:41:37Z">
=======
  <suite name="Default suite" duration-ms="11931" started-at="2017-02-20T13:36:12Z" finished-at="2017-02-20T13:36:24Z">
    <groups>
    </groups>
    <test name="Default test" duration-ms="11931" started-at="2017-02-20T13:36:12Z" finished-at="2017-02-20T13:36:24Z">
      <class name="com.enrollment.api.TestStudentController">
        <test-method status="PASS" signature="springTestContextBeforeTestClass()[pri:0, instance:com.enrollment.api.TestStudentController@661cd479]" name="springTestContextBeforeTestClass" is-config="true" duration-ms="0" started-at="2017-02-20T15:36:12Z" finished-at="2017-02-20T15:36:12Z">
          <reporter-output>
          </reporter-output>
        </test-method> <!-- springTestContextBeforeTestClass -->
        <test-method status="PASS" signature="springTestContextPrepareTestInstance()[pri:0, instance:com.enrollment.api.TestStudentController@661cd479]" name="springTestContextPrepareTestInstance" is-config="true" duration-ms="10682" started-at="2017-02-20T15:36:12Z" depends-on-methods="org.springframework.test.context.testng.AbstractTestNGSpringContextTests.springTestContextBeforeTestClass" finished-at="2017-02-20T15:36:23Z">
          <reporter-output>
          </reporter-output>
        </test-method> <!-- springTestContextPrepareTestInstance -->
        <test-method status="FAIL" signature="testCreate()[pri:0, instance:com.enrollment.api.TestStudentController@661cd479]" name="testCreate" duration-ms="1139" started-at="2017-02-20T15:36:23Z" finished-at="2017-02-20T15:36:24Z">
          <exception class="org.springframework.web.client.ResourceAccessException">
            <message>
              <![CDATA[I/O error on POST request for "http://localhost:8080/enrollment/student/create": Connection refused: connect; nested exception is java.net.ConnectException: Connection refused: connect]]>
            </message>
            <full-stacktrace>
              <![CDATA[org.springframework.web.client.ResourceAccessException: I/O error on POST request for "http://localhost:8080/enrollment/student/create": Connection refused: connect; nested exception is java.net.ConnectException: Connection refused: connect
	at org.springframework.web.client.RestTemplate.doExecute(RestTemplate.java:633)
	at org.springframework.web.client.RestTemplate.execute(RestTemplate.java:580)
	at org.springframework.web.client.RestTemplate.postForObject(RestTemplate.java:380)
	at com.enrollment.api.TestStudentController.testCreate(TestStudentController.java:41)
	at sun.reflect.NativeMethodAccessorImpl.invoke0(Native Method)
	at sun.reflect.NativeMethodAccessorImpl.invoke(NativeMethodAccessorImpl.java:57)
	at sun.reflect.DelegatingMethodAccessorImpl.invoke(DelegatingMethodAccessorImpl.java:43)
	at java.lang.reflect.Method.invoke(Method.java:606)
	at org.testng.internal.MethodInvocationHelper.invokeMethod(MethodInvocationHelper.java:85)
	at org.testng.internal.MethodInvocationHelper$1.runTestMethod(MethodInvocationHelper.java:200)
	at org.springframework.test.context.testng.AbstractTestNGSpringContextTests.run(AbstractTestNGSpringContextTests.java:175)
	at org.testng.internal.MethodInvocationHelper.invokeHookable(MethodInvocationHelper.java:212)
	at org.testng.internal.Invoker.invokeMethod(Invoker.java:689)
	at org.testng.internal.Invoker.invokeTestMethod(Invoker.java:882)
	at org.testng.internal.Invoker.invokeTestMethods(Invoker.java:1189)
	at org.testng.internal.TestMethodWorker.invokeTestMethods(TestMethodWorker.java:124)
	at org.testng.internal.TestMethodWorker.run(TestMethodWorker.java:108)
	at org.testng.TestRunner.privateRun(TestRunner.java:767)
	at org.testng.TestRunner.run(TestRunner.java:617)
	at org.testng.SuiteRunner.runTest(SuiteRunner.java:348)
	at org.testng.SuiteRunner.runSequentially(SuiteRunner.java:343)
	at org.testng.SuiteRunner.privateRun(SuiteRunner.java:305)
	at org.testng.SuiteRunner.run(SuiteRunner.java:254)
	at org.testng.SuiteRunnerWorker.runSuite(SuiteRunnerWorker.java:52)
	at org.testng.SuiteRunnerWorker.run(SuiteRunnerWorker.java:86)
	at org.testng.TestNG.runSuitesSequentially(TestNG.java:1224)
	at org.testng.TestNG.runSuitesLocally(TestNG.java:1149)
	at org.testng.TestNG.run(TestNG.java:1057)
	at org.testng.remote.AbstractRemoteTestNG.run(AbstractRemoteTestNG.java:132)
	at org.testng.remote.RemoteTestNG.initAndRun(RemoteTestNG.java:236)
	at org.testng.remote.RemoteTestNG.main(RemoteTestNG.java:81)
Caused by: java.net.ConnectException: Connection refused: connect
	at java.net.DualStackPlainSocketImpl.connect0(Native Method)
	at java.net.DualStackPlainSocketImpl.socketConnect(DualStackPlainSocketImpl.java:79)
	at java.net.AbstractPlainSocketImpl.doConnect(AbstractPlainSocketImpl.java:339)
	at java.net.AbstractPlainSocketImpl.connectToAddress(AbstractPlainSocketImpl.java:200)
	at java.net.AbstractPlainSocketImpl.connect(AbstractPlainSocketImpl.java:182)
	at java.net.PlainSocketImpl.connect(PlainSocketImpl.java:172)
	at java.net.SocksSocketImpl.connect(SocksSocketImpl.java:392)
	at java.net.Socket.connect(Socket.java:579)
	at java.net.Socket.connect(Socket.java:528)
	at sun.net.NetworkClient.doConnect(NetworkClient.java:180)
	at sun.net.www.http.HttpClient.openServer(HttpClient.java:432)
	at sun.net.www.http.HttpClient.openServer(HttpClient.java:527)
	at sun.net.www.http.HttpClient.<init>(HttpClient.java:211)
	at sun.net.www.http.HttpClient.New(HttpClient.java:308)
	at sun.net.www.http.HttpClient.New(HttpClient.java:326)
	at sun.net.www.protocol.http.HttpURLConnection.getNewHttpClient(HttpURLConnection.java:997)
	at sun.net.www.protocol.http.HttpURLConnection.plainConnect(HttpURLConnection.java:933)
	at sun.net.www.protocol.http.HttpURLConnection.connect(HttpURLConnection.java:851)
	at org.springframework.http.client.SimpleBufferingClientHttpRequest.executeInternal(SimpleBufferingClientHttpRequest.java:78)
	at org.springframework.http.client.AbstractBufferingClientHttpRequest.executeInternal(AbstractBufferingClientHttpRequest.java:48)
	at org.springframework.http.client.AbstractClientHttpRequest.execute(AbstractClientHttpRequest.java:53)
	at org.springframework.web.client.RestTemplate.doExecute(RestTemplate.java:619)
	... 30 more
]]>
            </full-stacktrace>
          </exception> <!-- org.springframework.web.client.ResourceAccessException -->
          <reporter-output>
          </reporter-output>
        </test-method> <!-- testCreate -->
        <test-method status="PASS" signature="springTestContextBeforeTestMethod(java.lang.reflect.Method)[pri:0, instance:com.enrollment.api.TestStudentController@661cd479]" name="springTestContextBeforeTestMethod" is-config="true" duration-ms="0" started-at="2017-02-20T15:36:23Z" finished-at="2017-02-20T15:36:23Z">
>>>>>>> 9d49003459a50dc3355433da2d880ddb52adef5b
          <params>
            <param index="0">
              <value>
                <![CDATA[public void com.enrollment.api.TestStudentController.testCreate()]]>
              </value>
            </param>
          </params>
          <reporter-output>
          </reporter-output>
        </test-method> <!-- springTestContextBeforeTestMethod -->
<<<<<<< HEAD
        <test-method status="PASS" signature="testCreate()[pri:0, instance:com.enrollment.api.TestStudentController@9327927]" name="testCreate" duration-ms="148" started-at="2017-02-21T15:41:37Z" finished-at="2017-02-21T15:41:37Z">
          <reporter-output>
          </reporter-output>
        </test-method> <!-- testCreate -->
        <test-method status="PASS" signature="springTestContextAfterTestMethod(java.lang.reflect.Method)[pri:0, instance:com.enrollment.api.TestStudentController@9327927]" name="springTestContextAfterTestMethod" is-config="true" duration-ms="10" started-at="2017-02-21T15:41:37Z" finished-at="2017-02-21T15:41:37Z">
=======
<<<<<<< HEAD
        <test-method status="SKIP" signature="testFindById()[pri:0, instance:com.enrollment.api.TestStudentController@661cd479]" name="testFindById" duration-ms="0" started-at="2017-02-20T15:36:24Z" depends-on-methods="com.enrollment.api.TestStudentController.testCreate" finished-at="2017-02-20T15:36:24Z">
          <exception class="java.lang.Throwable">
            <message>
              <![CDATA[Method TestStudentController.testFindById()[pri:0, instance:com.enrollment.api.TestStudentController@661cd479] depends on not successfully finished methods]]>
            </message>
            <full-stacktrace>
              <![CDATA[java.lang.Throwable: Method TestStudentController.testFindById()[pri:0, instance:com.enrollment.api.TestStudentController@661cd479] depends on not successfully finished methods
	at org.testng.internal.Invoker.invokeTestMethods(Invoker.java:1099)
	at org.testng.internal.TestMethodWorker.invokeTestMethods(TestMethodWorker.java:124)
	at org.testng.internal.TestMethodWorker.run(TestMethodWorker.java:108)
	at org.testng.TestRunner.privateRun(TestRunner.java:767)
	at org.testng.TestRunner.run(TestRunner.java:617)
	at org.testng.SuiteRunner.runTest(SuiteRunner.java:348)
	at org.testng.SuiteRunner.runSequentially(SuiteRunner.java:343)
	at org.testng.SuiteRunner.privateRun(SuiteRunner.java:305)
	at org.testng.SuiteRunner.run(SuiteRunner.java:254)
	at org.testng.SuiteRunnerWorker.runSuite(SuiteRunnerWorker.java:52)
	at org.testng.SuiteRunnerWorker.run(SuiteRunnerWorker.java:86)
	at org.testng.TestNG.runSuitesSequentially(TestNG.java:1224)
	at org.testng.TestNG.runSuitesLocally(TestNG.java:1149)
	at org.testng.TestNG.run(TestNG.java:1057)
	at org.testng.remote.AbstractRemoteTestNG.run(AbstractRemoteTestNG.java:132)
	at org.testng.remote.RemoteTestNG.initAndRun(RemoteTestNG.java:236)
	at org.testng.remote.RemoteTestNG.main(RemoteTestNG.java:81)
]]>
            </full-stacktrace>
          </exception> <!-- java.lang.Throwable -->
=======
        <test-method status="PASS" signature="springTestContextBeforeTestMethod(java.lang.reflect.Method)[pri:0, instance:com.enrollment.api.TestStudentController@6ec1884e]" name="springTestContextBeforeTestMethod" is-config="true" duration-ms="0" started-at="2017-02-20T14:40:13Z" finished-at="2017-02-20T14:40:13Z">
          <params>
            <param index="0">
              <value>
                <![CDATA[public void com.enrollment.api.TestStudentController.testFindById()]]>
>>>>>>> 37ed7e60c3164a3c1b7cea47a687a4f84b5665e7
              </value>
            </param>
          </params>
          <reporter-output>
          </reporter-output>
        </test-method> <!-- springTestContextBeforeTestMethod -->
<<<<<<< HEAD
        <test-method status="PASS" signature="testCreateCourse()[pri:0, instance:com.enrollment.service.TestCourseService@1439f77c]" name="testCreateCourse" duration-ms="206" started-at="2017-02-20T15:43:02Z" finished-at="2017-02-20T15:43:02Z">
          <reporter-output>
          </reporter-output>
        </test-method> <!-- testCreateCourse -->
        <test-method status="PASS" signature="springTestContextAfterTestMethod(java.lang.reflect.Method)[pri:0, instance:com.enrollment.service.TestCourseService@1439f77c]" name="springTestContextAfterTestMethod" is-config="true" duration-ms="1" started-at="2017-02-20T15:43:02Z" finished-at="2017-02-20T15:43:02Z">
          <params>
            <param index="0">
              <value>
                <![CDATA[public void com.enrollment.service.TestCourseService.testCreateCourse() throws java.lang.Exception]]>
=======
        <test-method status="PASS" signature="testFindById()[pri:0, instance:com.enrollment.api.TestStudentController@6ec1884e]" name="testFindById" duration-ms="20" started-at="2017-02-20T14:40:13Z" depends-on-methods="com.enrollment.api.TestStudentController.testCreate" finished-at="2017-02-20T14:40:13Z">
>>>>>>> 60b134a0250938bde9f4ef7d65cab58b71210da7
          <reporter-output>
          </reporter-output>
        </test-method> <!-- testFindById -->
        <test-method status="PASS" signature="springTestContextAfterTestMethod(java.lang.reflect.Method)[pri:0, instance:com.enrollment.api.TestStudentController@661cd479]" name="springTestContextAfterTestMethod" is-config="true" duration-ms="0" started-at="2017-02-20T15:36:24Z" finished-at="2017-02-20T15:36:24Z">
>>>>>>> 9d49003459a50dc3355433da2d880ddb52adef5b
          <params>
            <param index="0">
              <value>
                <![CDATA[public void com.enrollment.api.TestStudentController.testCreate()]]>
              </value>
            </param>
          </params>
          <reporter-output>
          </reporter-output>
        </test-method> <!-- springTestContextAfterTestMethod -->
<<<<<<< HEAD
        <test-method status="PASS" signature="testFindById()[pri:0, instance:com.enrollment.api.TestStudentController@9327927]" name="testFindById" duration-ms="20" started-at="2017-02-21T15:41:37Z" depends-on-methods="com.enrollment.api.TestStudentController.testCreate" finished-at="2017-02-21T15:41:37Z">
=======
<<<<<<< HEAD
        <test-method status="SKIP" signature="testUpdate()[pri:0, instance:com.enrollment.api.TestStudentController@661cd479]" name="testUpdate" duration-ms="0" started-at="2017-02-20T15:36:24Z" depends-on-methods="com.enrollment.api.TestStudentController.testFindById" finished-at="2017-02-20T15:36:24Z">
          <exception class="java.lang.Throwable">
            <message>
              <![CDATA[Method TestStudentController.testUpdate()[pri:0, instance:com.enrollment.api.TestStudentController@661cd479] depends on not successfully finished methods]]>
            </message>
            <full-stacktrace>
              <![CDATA[java.lang.Throwable: Method TestStudentController.testUpdate()[pri:0, instance:com.enrollment.api.TestStudentController@661cd479] depends on not successfully finished methods
	at org.testng.internal.Invoker.invokeTestMethods(Invoker.java:1099)
	at org.testng.internal.TestMethodWorker.invokeTestMethods(TestMethodWorker.java:124)
	at org.testng.internal.TestMethodWorker.run(TestMethodWorker.java:108)
	at org.testng.TestRunner.privateRun(TestRunner.java:767)
	at org.testng.TestRunner.run(TestRunner.java:617)
	at org.testng.SuiteRunner.runTest(SuiteRunner.java:348)
	at org.testng.SuiteRunner.runSequentially(SuiteRunner.java:343)
	at org.testng.SuiteRunner.privateRun(SuiteRunner.java:305)
	at org.testng.SuiteRunner.run(SuiteRunner.java:254)
	at org.testng.SuiteRunnerWorker.runSuite(SuiteRunnerWorker.java:52)
	at org.testng.SuiteRunnerWorker.run(SuiteRunnerWorker.java:86)
	at org.testng.TestNG.runSuitesSequentially(TestNG.java:1224)
	at org.testng.TestNG.runSuitesLocally(TestNG.java:1149)
	at org.testng.TestNG.run(TestNG.java:1057)
	at org.testng.remote.AbstractRemoteTestNG.run(AbstractRemoteTestNG.java:132)
	at org.testng.remote.RemoteTestNG.initAndRun(RemoteTestNG.java:236)
	at org.testng.remote.RemoteTestNG.main(RemoteTestNG.java:81)
]]>
            </full-stacktrace>
          </exception> <!-- java.lang.Throwable -->
          <reporter-output>
          </reporter-output>
        </test-method> <!-- testUpdate -->
        <test-method status="SKIP" signature="testFindAll()[pri:0, instance:com.enrollment.api.TestStudentController@661cd479]" name="testFindAll" duration-ms="0" started-at="2017-02-20T15:36:24Z" depends-on-methods="com.enrollment.api.TestStudentController.testUpdate" finished-at="2017-02-20T15:36:24Z">
          <exception class="java.lang.Throwable">
            <message>
              <![CDATA[Method TestStudentController.testFindAll()[pri:0, instance:com.enrollment.api.TestStudentController@661cd479] depends on not successfully finished methods]]>
            </message>
            <full-stacktrace>
              <![CDATA[java.lang.Throwable: Method TestStudentController.testFindAll()[pri:0, instance:com.enrollment.api.TestStudentController@661cd479] depends on not successfully finished methods
	at org.testng.internal.Invoker.invokeTestMethods(Invoker.java:1099)
	at org.testng.internal.TestMethodWorker.invokeTestMethods(TestMethodWorker.java:124)
	at org.testng.internal.TestMethodWorker.run(TestMethodWorker.java:108)
	at org.testng.TestRunner.privateRun(TestRunner.java:767)
	at org.testng.TestRunner.run(TestRunner.java:617)
	at org.testng.SuiteRunner.runTest(SuiteRunner.java:348)
	at org.testng.SuiteRunner.runSequentially(SuiteRunner.java:343)
	at org.testng.SuiteRunner.privateRun(SuiteRunner.java:305)
	at org.testng.SuiteRunner.run(SuiteRunner.java:254)
	at org.testng.SuiteRunnerWorker.runSuite(SuiteRunnerWorker.java:52)
	at org.testng.SuiteRunnerWorker.run(SuiteRunnerWorker.java:86)
	at org.testng.TestNG.runSuitesSequentially(TestNG.java:1224)
	at org.testng.TestNG.runSuitesLocally(TestNG.java:1149)
	at org.testng.TestNG.run(TestNG.java:1057)
	at org.testng.remote.AbstractRemoteTestNG.run(AbstractRemoteTestNG.java:132)
	at org.testng.remote.RemoteTestNG.initAndRun(RemoteTestNG.java:236)
	at org.testng.remote.RemoteTestNG.main(RemoteTestNG.java:81)
]]>
            </full-stacktrace>
          </exception> <!-- java.lang.Throwable -->
          <reporter-output>
          </reporter-output>
        </test-method> <!-- testFindAll -->
        <test-method status="SKIP" signature="testDelete()[pri:0, instance:com.enrollment.api.TestStudentController@661cd479]" name="testDelete" duration-ms="0" started-at="2017-02-20T15:36:24Z" depends-on-methods="com.enrollment.api.TestStudentController.testFindAll" finished-at="2017-02-20T15:36:24Z">
          <exception class="java.lang.Throwable">
            <message>
              <![CDATA[Method TestStudentController.testDelete()[pri:0, instance:com.enrollment.api.TestStudentController@661cd479] depends on not successfully finished methods]]>
            </message>
            <full-stacktrace>
              <![CDATA[java.lang.Throwable: Method TestStudentController.testDelete()[pri:0, instance:com.enrollment.api.TestStudentController@661cd479] depends on not successfully finished methods
	at org.testng.internal.Invoker.invokeTestMethods(Invoker.java:1099)
	at org.testng.internal.TestMethodWorker.invokeTestMethods(TestMethodWorker.java:124)
	at org.testng.internal.TestMethodWorker.run(TestMethodWorker.java:108)
	at org.testng.TestRunner.privateRun(TestRunner.java:767)
	at org.testng.TestRunner.run(TestRunner.java:617)
	at org.testng.SuiteRunner.runTest(SuiteRunner.java:348)
	at org.testng.SuiteRunner.runSequentially(SuiteRunner.java:343)
	at org.testng.SuiteRunner.privateRun(SuiteRunner.java:305)
	at org.testng.SuiteRunner.run(SuiteRunner.java:254)
	at org.testng.SuiteRunnerWorker.runSuite(SuiteRunnerWorker.java:52)
	at org.testng.SuiteRunnerWorker.run(SuiteRunnerWorker.java:86)
	at org.testng.TestNG.runSuitesSequentially(TestNG.java:1224)
	at org.testng.TestNG.runSuitesLocally(TestNG.java:1149)
	at org.testng.TestNG.run(TestNG.java:1057)
	at org.testng.remote.AbstractRemoteTestNG.run(AbstractRemoteTestNG.java:132)
	at org.testng.remote.RemoteTestNG.initAndRun(RemoteTestNG.java:236)
	at org.testng.remote.RemoteTestNG.main(RemoteTestNG.java:81)
]]>
            </full-stacktrace>
          </exception> <!-- java.lang.Throwable -->
          <reporter-output>
          </reporter-output>
        </test-method> <!-- testDelete -->
        <test-method status="PASS" signature="springTestContextAfterTestClass()[pri:0, instance:com.enrollment.api.TestStudentController@661cd479]" name="springTestContextAfterTestClass" is-config="true" duration-ms="0" started-at="2017-02-20T15:36:24Z" finished-at="2017-02-20T15:36:24Z">
=======
<<<<<<< HEAD
        <test-method status="PASS" signature="springTestContextBeforeTestMethod(java.lang.reflect.Method)[pri:0, instance:com.enrollment.service.TestCourseService@1439f77c]" name="springTestContextBeforeTestMethod" is-config="true" duration-ms="2" started-at="2017-02-20T15:43:02Z" finished-at="2017-02-20T15:43:02Z">
          <params>
            <param index="0">
              <value>
                <![CDATA[public void com.enrollment.service.TestCourseService.testUpdateCourse() throws java.lang.Exception]]>
=======
        <test-method status="PASS" signature="testUpdate()[pri:0, instance:com.enrollment.api.TestStudentController@6ec1884e]" name="testUpdate" duration-ms="67" started-at="2017-02-20T14:40:13Z" depends-on-methods="com.enrollment.api.TestStudentController.testFindById" finished-at="2017-02-20T14:40:13Z">
>>>>>>> 9d49003459a50dc3355433da2d880ddb52adef5b
          <reporter-output>
          </reporter-output>
        </test-method> <!-- testFindById -->
        <test-method status="PASS" signature="springTestContextBeforeTestMethod(java.lang.reflect.Method)[pri:0, instance:com.enrollment.api.TestStudentController@9327927]" name="springTestContextBeforeTestMethod" is-config="true" duration-ms="0" started-at="2017-02-21T15:41:37Z" finished-at="2017-02-21T15:41:37Z">
          <params>
            <param index="0">
              <value>
                <![CDATA[public void com.enrollment.api.TestStudentController.testFindById()]]>
              </value>
            </param>
          </params>
          <reporter-output>
          </reporter-output>
        </test-method> <!-- springTestContextBeforeTestMethod -->
        <test-method status="PASS" signature="springTestContextBeforeTestMethod(java.lang.reflect.Method)[pri:0, instance:com.enrollment.api.TestStudentController@9327927]" name="springTestContextBeforeTestMethod" is-config="true" duration-ms="0" started-at="2017-02-21T15:41:37Z" finished-at="2017-02-21T15:41:37Z">
          <params>
            <param index="0">
              <value>
                <![CDATA[public void com.enrollment.api.TestStudentController.testUpdate()]]>
              </value>
            </param>
          </params>
          <reporter-output>
          </reporter-output>
        </test-method> <!-- springTestContextBeforeTestMethod -->
        <test-method status="PASS" signature="testUpdate()[pri:0, instance:com.enrollment.api.TestStudentController@9327927]" name="testUpdate" duration-ms="50" started-at="2017-02-21T15:41:37Z" depends-on-methods="com.enrollment.api.TestStudentController.testFindById" finished-at="2017-02-21T15:41:37Z">
          <reporter-output>
          </reporter-output>
        </test-method> <!-- testUpdate -->
        <test-method status="PASS" signature="springTestContextAfterTestMethod(java.lang.reflect.Method)[pri:0, instance:com.enrollment.api.TestStudentController@9327927]" name="springTestContextAfterTestMethod" is-config="true" duration-ms="0" started-at="2017-02-21T15:41:37Z" finished-at="2017-02-21T15:41:37Z">
          <params>
            <param index="0">
              <value>
                <![CDATA[public void com.enrollment.api.TestStudentController.testFindById()]]>
              </value>
            </param>
          </params>
          <reporter-output>
          </reporter-output>
        </test-method> <!-- springTestContextAfterTestMethod -->
        <test-method status="PASS" signature="springTestContextBeforeTestMethod(java.lang.reflect.Method)[pri:0, instance:com.enrollment.api.TestStudentController@9327927]" name="springTestContextBeforeTestMethod" is-config="true" duration-ms="10" started-at="2017-02-21T15:41:37Z" finished-at="2017-02-21T15:41:37Z">
          <params>
            <param index="0">
              <value>
                <![CDATA[public void com.enrollment.api.TestStudentController.testFindAll()]]>
              </value>
            </param>
          </params>
          <reporter-output>
          </reporter-output>
        </test-method> <!-- springTestContextBeforeTestMethod -->
        <test-method status="PASS" signature="springTestContextAfterTestMethod(java.lang.reflect.Method)[pri:0, instance:com.enrollment.api.TestStudentController@9327927]" name="springTestContextAfterTestMethod" is-config="true" duration-ms="0" started-at="2017-02-21T15:41:37Z" finished-at="2017-02-21T15:41:37Z">
          <params>
            <param index="0">
              <value>
                <![CDATA[public void com.enrollment.api.TestStudentController.testUpdate()]]>
              </value>
            </param>
          </params>
          <reporter-output>
          </reporter-output>
        </test-method> <!-- springTestContextAfterTestMethod -->
        <test-method status="PASS" signature="testFindAll()[pri:0, instance:com.enrollment.api.TestStudentController@9327927]" name="testFindAll" duration-ms="11" started-at="2017-02-21T15:41:37Z" depends-on-methods="com.enrollment.api.TestStudentController.testUpdate" finished-at="2017-02-21T15:41:37Z">
          <reporter-output>
          </reporter-output>
        </test-method> <!-- testFindAll -->
        <test-method status="PASS" signature="springTestContextAfterTestMethod(java.lang.reflect.Method)[pri:0, instance:com.enrollment.api.TestStudentController@9327927]" name="springTestContextAfterTestMethod" is-config="true" duration-ms="1" started-at="2017-02-21T15:41:37Z" finished-at="2017-02-21T15:41:37Z">
          <params>
            <param index="0">
              <value>
                <![CDATA[public void com.enrollment.api.TestStudentController.testFindAll()]]>
              </value>
            </param>
          </params>
          <reporter-output>
          </reporter-output>
        </test-method> <!-- springTestContextAfterTestMethod -->
        <test-method status="PASS" signature="springTestContextBeforeTestMethod(java.lang.reflect.Method)[pri:0, instance:com.enrollment.api.TestStudentController@9327927]" name="springTestContextBeforeTestMethod" is-config="true" duration-ms="1" started-at="2017-02-21T15:41:37Z" finished-at="2017-02-21T15:41:37Z">
          <params>
            <param index="0">
              <value>
                <![CDATA[public void com.enrollment.api.TestStudentController.testDelete()]]>
              </value>
            </param>
          </params>
          <reporter-output>
          </reporter-output>
        </test-method> <!-- springTestContextBeforeTestMethod -->
        <test-method status="PASS" signature="testDelete()[pri:0, instance:com.enrollment.api.TestStudentController@9327927]" name="testDelete" duration-ms="147" started-at="2017-02-21T15:41:37Z" depends-on-methods="com.enrollment.api.TestStudentController.testFindAll" finished-at="2017-02-21T15:41:38Z">
          <reporter-output>
          </reporter-output>
        </test-method> <!-- testDelete -->
        <test-method status="PASS" signature="springTestContextAfterTestMethod(java.lang.reflect.Method)[pri:0, instance:com.enrollment.api.TestStudentController@9327927]" name="springTestContextAfterTestMethod" is-config="true" duration-ms="1" started-at="2017-02-21T15:41:38Z" finished-at="2017-02-21T15:41:38Z">
          <params>
            <param index="0">
              <value>
                <![CDATA[public void com.enrollment.api.TestStudentController.testDelete()]]>
              </value>
            </param>
          </params>
          <reporter-output>
          </reporter-output>
        </test-method> <!-- springTestContextAfterTestMethod -->
<<<<<<< HEAD
        <test-method status="PASS" signature="springTestContextAfterTestClass()[pri:0, instance:com.enrollment.api.TestStudentController@9327927]" name="springTestContextAfterTestClass" is-config="true" duration-ms="0" started-at="2017-02-21T15:41:38Z" finished-at="2017-02-21T15:41:38Z">
=======
<<<<<<< HEAD
        <test-method status="PASS" signature="springTestContextAfterTestClass()[pri:0, instance:com.enrollment.service.TestCourseService@1439f77c]" name="springTestContextAfterTestClass" is-config="true" duration-ms="0" started-at="2017-02-20T15:43:02Z" finished-at="2017-02-20T15:43:02Z">
          <reporter-output>
          </reporter-output>
        </test-method> <!-- springTestContextAfterTestClass -->
      </class> <!-- com.enrollment.service.TestCourseService -->
=======
        <test-method status="PASS" signature="springTestContextAfterTestClass()[pri:0, instance:com.enrollment.api.TestStudentController@6ec1884e]" name="springTestContextAfterTestClass" is-config="true" duration-ms="0" started-at="2017-02-20T14:40:13Z" finished-at="2017-02-20T14:40:13Z">
>>>>>>> 60b134a0250938bde9f4ef7d65cab58b71210da7
>>>>>>> 9d49003459a50dc3355433da2d880ddb52adef5b
          <reporter-output>
          </reporter-output>
        </test-method> <!-- springTestContextAfterTestClass -->
      </class> <!-- com.enrollment.api.TestStudentController -->
    </test> <!-- Default test -->
  </suite> <!-- Default suite -->
</testng-results>
